================================================================================
S1/S2 Experiment with Teacher Forcing (Side-by-Side)
================================================================================
Mode: layer
Metric: logprob
Delta threshold: 0.05
EM scope: entity
Entity source: gt
Reference scope: continuation
Patch scope: span
Unlearn model: idkdpo_lr5e5_b01_a2_ep5

Loading models...
Loading unlearn model: open-unlearning/unlearn_tofu_Llama-3.2-1B-Instruct_forget10_IdkDPO_lr5e-05_beta0.1_alpha2_epoch5
Layers: [0, 1, 2, 3, 4, 5, 6, 7, 8, 9, 10, 11, 12, 13, 14, 15]
Loaded 367 examples

========================================
Running S1/S2 (layer, teacher forcing)
========================================
S1/S2 layer:   0%|          | 0/367 [00:00<?, ?it/s]S1/S2 layer:   0%|          | 1/367 [00:01<06:34,  1.08s/it]S1/S2 layer:   1%|          | 2/367 [00:02<06:05,  1.00s/it]S1/S2 layer:   1%|          | 3/367 [00:03<06:23,  1.05s/it]S1/S2 layer:   1%|          | 4/367 [00:04<06:10,  1.02s/it]S1/S2 layer:   1%|▏         | 5/367 [00:05<06:44,  1.12s/it]S1/S2 layer:   2%|▏         | 6/367 [00:06<06:45,  1.12s/it]S1/S2 layer:   2%|▏         | 7/367 [00:07<06:23,  1.06s/it]S1/S2 layer:   2%|▏         | 8/367 [00:08<06:15,  1.05s/it]S1/S2 layer:   2%|▏         | 9/367 [00:09<06:16,  1.05s/it]S1/S2 layer:   3%|▎         | 10/367 [00:10<06:33,  1.10s/it]S1/S2 layer:   3%|▎         | 11/367 [00:12<06:55,  1.17s/it]S1/S2 layer:   3%|▎         | 12/367 [00:13<07:09,  1.21s/it]S1/S2 layer:   4%|▎         | 13/367 [00:14<07:21,  1.25s/it]S1/S2 layer:   4%|▍         | 14/367 [00:15<06:58,  1.19s/it]S1/S2 layer:   4%|▍         | 15/367 [00:17<07:04,  1.21s/it]S1/S2 layer:   4%|▍         | 16/367 [00:18<07:15,  1.24s/it]S1/S2 layer:   5%|▍         | 17/367 [00:19<06:24,  1.10s/it]S1/S2 layer:   5%|▍         | 18/367 [00:20<06:27,  1.11s/it]S1/S2 layer:   5%|▌         | 19/367 [00:21<06:48,  1.17s/it]S1/S2 layer:   5%|▌         | 20/367 [00:22<06:18,  1.09s/it]S1/S2 layer:   6%|▌         | 21/367 [00:23<06:01,  1.04s/it]S1/S2 layer:   6%|▌         | 22/367 [00:24<06:26,  1.12s/it]S1/S2 layer:   6%|▋         | 23/367 [00:25<06:43,  1.17s/it]S1/S2 layer:   7%|▋         | 24/367 [00:27<06:39,  1.16s/it]S1/S2 layer:   7%|▋         | 25/367 [00:28<06:44,  1.18s/it]S1/S2 layer:   7%|▋         | 26/367 [00:29<06:55,  1.22s/it]S1/S2 layer:   7%|▋         | 27/367 [00:30<06:50,  1.21s/it]S1/S2 layer:   8%|▊         | 28/367 [00:32<06:56,  1.23s/it]S1/S2 layer:   8%|▊         | 29/367 [00:33<06:54,  1.23s/it]S1/S2 layer:   8%|▊         | 30/367 [00:34<06:35,  1.17s/it]S1/S2 layer:   8%|▊         | 31/367 [00:35<06:47,  1.21s/it]S1/S2 layer:   9%|▊         | 32/367 [00:36<06:43,  1.20s/it]S1/S2 layer:   9%|▉         | 33/367 [00:38<06:52,  1.23s/it]S1/S2 layer:   9%|▉         | 34/367 [00:39<06:49,  1.23s/it]S1/S2 layer:  10%|▉         | 35/367 [00:40<06:47,  1.23s/it]S1/S2 layer:  10%|▉         | 36/367 [00:41<06:38,  1.20s/it]S1/S2 layer:  10%|█         | 37/367 [00:43<06:46,  1.23s/it]S1/S2 layer:  10%|█         | 38/367 [00:43<06:06,  1.11s/it]S1/S2 layer:  11%|█         | 39/367 [00:44<06:01,  1.10s/it]S1/S2 layer:  11%|█         | 40/367 [00:45<05:44,  1.05s/it]S1/S2 layer:  11%|█         | 41/367 [00:46<05:44,  1.06s/it]S1/S2 layer:  11%|█▏        | 42/367 [00:47<05:36,  1.04s/it]S1/S2 layer:  12%|█▏        | 43/367 [00:49<05:35,  1.04s/it]S1/S2 layer:  12%|█▏        | 44/367 [00:50<06:00,  1.12s/it]S1/S2 layer:  12%|█▏        | 45/367 [00:51<06:03,  1.13s/it]S1/S2 layer:  13%|█▎        | 46/367 [00:52<06:17,  1.17s/it]S1/S2 layer:  13%|█▎        | 47/367 [00:53<06:17,  1.18s/it]S1/S2 layer:  13%|█▎        | 48/367 [00:55<06:28,  1.22s/it]S1/S2 layer:  13%|█▎        | 49/367 [00:56<06:32,  1.23s/it]S1/S2 layer:  14%|█▎        | 50/367 [00:57<06:36,  1.25s/it]S1/S2 layer:  14%|█▍        | 51/367 [00:59<06:35,  1.25s/it]S1/S2 layer:  14%|█▍        | 52/367 [01:00<06:40,  1.27s/it]S1/S2 layer:  14%|█▍        | 53/367 [01:01<06:39,  1.27s/it]S1/S2 layer:  15%|█▍        | 54/367 [01:02<06:41,  1.28s/it]S1/S2 layer:  15%|█▍        | 55/367 [01:04<06:31,  1.25s/it]S1/S2 layer:  15%|█▌        | 56/367 [01:05<06:20,  1.22s/it]S1/S2 layer:  16%|█▌        | 57/367 [01:06<06:00,  1.16s/it]S1/S2 layer:  16%|█▌        | 58/367 [01:07<06:05,  1.18s/it]S1/S2 layer:  16%|█▌        | 59/367 [01:08<05:49,  1.14s/it]S1/S2 layer:  16%|█▋        | 60/367 [01:09<05:50,  1.14s/it]S1/S2 layer:  17%|█▋        | 61/367 [01:11<06:00,  1.18s/it]S1/S2 layer:  17%|█▋        | 62/367 [01:12<05:59,  1.18s/it]S1/S2 layer:  17%|█▋        | 63/367 [01:13<06:10,  1.22s/it]S1/S2 layer:  17%|█▋        | 64/367 [01:14<05:42,  1.13s/it]S1/S2 layer:  18%|█▊        | 65/367 [01:15<05:49,  1.16s/it]S1/S2 layer:  18%|█▊        | 66/367 [01:16<05:50,  1.16s/it]S1/S2 layer:  18%|█▊        | 67/367 [01:18<05:56,  1.19s/it]S1/S2 layer:  19%|█▊        | 68/367 [01:19<06:04,  1.22s/it]S1/S2 layer:  19%|█▉        | 69/367 [01:20<06:06,  1.23s/it]S1/S2 layer:  19%|█▉        | 70/367 [01:21<06:02,  1.22s/it]S1/S2 layer:  19%|█▉        | 71/367 [01:23<06:04,  1.23s/it]S1/S2 layer:  20%|█▉        | 72/367 [01:24<06:10,  1.25s/it]S1/S2 layer:  20%|█▉        | 73/367 [01:25<05:40,  1.16s/it]S1/S2 layer:  20%|██        | 74/367 [01:26<05:23,  1.10s/it]S1/S2 layer:  20%|██        | 75/367 [01:27<05:27,  1.12s/it]S1/S2 layer:  21%|██        | 76/367 [01:28<05:10,  1.07s/it]S1/S2 layer:  21%|██        | 77/367 [01:29<05:10,  1.07s/it]S1/S2 layer:  21%|██▏       | 78/367 [01:30<05:29,  1.14s/it]S1/S2 layer:  22%|██▏       | 79/367 [01:31<05:29,  1.14s/it]S1/S2 layer:  22%|██▏       | 80/367 [01:33<05:43,  1.20s/it]S1/S2 layer:  22%|██▏       | 81/367 [01:34<05:40,  1.19s/it]S1/S2 layer:  22%|██▏       | 82/367 [01:35<05:28,  1.15s/it]S1/S2 layer:  23%|██▎       | 83/367 [01:36<05:17,  1.12s/it]S1/S2 layer:  23%|██▎       | 84/367 [01:37<05:33,  1.18s/it]S1/S2 layer:  23%|██▎       | 85/367 [01:39<05:30,  1.17s/it]S1/S2 layer:  23%|██▎       | 86/367 [01:40<05:36,  1.20s/it]S1/S2 layer:  24%|██▎       | 87/367 [01:41<05:45,  1.23s/it]S1/S2 layer:  24%|██▍       | 88/367 [01:42<05:43,  1.23s/it]S1/S2 layer:  24%|██▍       | 89/367 [01:44<05:50,  1.26s/it]S1/S2 layer:  25%|██▍       | 90/367 [01:45<05:53,  1.28s/it]S1/S2 layer:  25%|██▍       | 91/367 [01:46<05:44,  1.25s/it]S1/S2 layer:  25%|██▌       | 92/367 [01:47<05:41,  1.24s/it]S1/S2 layer:  25%|██▌       | 93/367 [01:49<05:40,  1.24s/it]S1/S2 layer:  26%|██▌       | 94/367 [01:50<05:44,  1.26s/it]S1/S2 layer:  26%|██▌       | 95/367 [01:51<05:30,  1.21s/it]S1/S2 layer:  26%|██▌       | 96/367 [01:52<05:37,  1.24s/it]S1/S2 layer:  26%|██▋       | 97/367 [01:54<05:39,  1.26s/it]S1/S2 layer:  27%|██▋       | 98/367 [01:55<05:45,  1.28s/it]S1/S2 layer:  27%|██▋       | 99/367 [01:57<06:13,  1.39s/it]S1/S2 layer:  27%|██▋       | 100/367 [01:58<06:40,  1.50s/it]S1/S2 layer:  28%|██▊       | 101/367 [02:01<07:55,  1.79s/it]S1/S2 layer:  28%|██▊       | 102/367 [02:03<08:58,  2.03s/it]S1/S2 layer:  28%|██▊       | 103/367 [02:06<09:38,  2.19s/it]S1/S2 layer:  28%|██▊       | 104/367 [02:08<09:56,  2.27s/it]S1/S2 layer:  29%|██▊       | 105/367 [02:11<10:19,  2.36s/it]S1/S2 layer:  29%|██▉       | 106/367 [02:13<10:24,  2.39s/it]S1/S2 layer:  29%|██▉       | 107/367 [02:16<10:32,  2.43s/it]S1/S2 layer:  29%|██▉       | 108/367 [02:19<10:42,  2.48s/it]S1/S2 layer:  30%|██▉       | 109/367 [02:21<10:21,  2.41s/it]S1/S2 layer:  30%|██▉       | 110/367 [02:23<09:22,  2.19s/it]S1/S2 layer:  30%|███       | 111/367 [02:24<08:23,  1.97s/it]S1/S2 layer:  31%|███       | 112/367 [02:26<08:33,  2.01s/it]S1/S2 layer:  31%|███       | 113/367 [02:29<09:07,  2.15s/it]S1/S2 layer:  31%|███       | 114/367 [02:31<09:37,  2.28s/it]S1/S2 layer:  31%|███▏      | 115/367 [02:34<09:59,  2.38s/it]S1/S2 layer:  32%|███▏      | 116/367 [02:36<09:28,  2.26s/it]S1/S2 layer:  32%|███▏      | 117/367 [02:38<09:05,  2.18s/it]S1/S2 layer:  32%|███▏      | 118/367 [02:40<09:44,  2.35s/it]S1/S2 layer:  32%|███▏      | 119/367 [02:43<09:41,  2.34s/it]S1/S2 layer:  33%|███▎      | 120/367 [02:45<09:20,  2.27s/it]S1/S2 layer:  33%|███▎      | 121/367 [02:47<09:18,  2.27s/it]S1/S2 layer:  33%|███▎      | 122/367 [02:50<09:41,  2.37s/it]S1/S2 layer:  34%|███▎      | 123/367 [02:52<09:56,  2.44s/it]S1/S2 layer:  34%|███▍      | 124/367 [02:55<09:37,  2.38s/it]S1/S2 layer:  34%|███▍      | 125/367 [02:57<09:09,  2.27s/it]S1/S2 layer:  34%|███▍      | 126/367 [02:59<09:23,  2.34s/it]S1/S2 layer:  35%|███▍      | 127/367 [03:02<09:34,  2.39s/it]S1/S2 layer:  35%|███▍      | 128/367 [03:04<09:09,  2.30s/it]S1/S2 layer:  35%|███▌      | 129/367 [03:06<08:40,  2.19s/it]S1/S2 layer:  35%|███▌      | 130/367 [03:07<07:57,  2.01s/it]S1/S2 layer:  36%|███▌      | 131/367 [03:09<07:33,  1.92s/it]S1/S2 layer:  36%|███▌      | 132/367 [03:11<07:24,  1.89s/it]S1/S2 layer:  36%|███▌      | 133/367 [03:13<07:57,  2.04s/it]S1/S2 layer:  37%|███▋      | 134/367 [03:16<08:32,  2.20s/it]S1/S2 layer:  37%|███▋      | 135/367 [03:18<08:32,  2.21s/it]S1/S2 layer:  37%|███▋      | 136/367 [03:20<08:39,  2.25s/it]S1/S2 layer:  37%|███▋      | 137/367 [03:23<08:54,  2.32s/it]S1/S2 layer:  38%|███▊      | 138/367 [03:25<08:40,  2.27s/it]S1/S2 layer:  38%|███▊      | 139/367 [03:27<08:44,  2.30s/it]S1/S2 layer:  38%|███▊      | 140/367 [03:30<08:53,  2.35s/it]S1/S2 layer:  38%|███▊      | 141/367 [03:32<08:27,  2.25s/it]S1/S2 layer:  39%|███▊      | 142/367 [03:34<08:36,  2.30s/it]S1/S2 layer:  39%|███▉      | 143/367 [03:36<08:27,  2.27s/it]S1/S2 layer:  39%|███▉      | 144/367 [03:39<08:31,  2.29s/it]S1/S2 layer:  40%|███▉      | 145/367 [03:41<08:17,  2.24s/it]S1/S2 layer:  40%|███▉      | 146/367 [03:43<08:12,  2.23s/it]S1/S2 layer:  40%|████      | 147/367 [03:45<07:47,  2.12s/it]S1/S2 layer:  40%|████      | 148/367 [03:46<07:04,  1.94s/it]S1/S2 layer:  41%|████      | 149/367 [03:48<06:54,  1.90s/it]S1/S2 layer:  41%|████      | 150/367 [03:51<07:16,  2.01s/it]S1/S2 layer:  41%|████      | 151/367 [03:53<07:54,  2.20s/it]S1/S2 layer:  41%|████▏     | 152/367 [03:55<07:53,  2.20s/it]S1/S2 layer:  42%|████▏     | 153/367 [03:58<08:01,  2.25s/it]S1/S2 layer:  42%|████▏     | 154/367 [04:00<07:58,  2.25s/it]S1/S2 layer:  42%|████▏     | 155/367 [04:02<08:06,  2.30s/it]S1/S2 layer:  43%|████▎     | 156/367 [04:04<07:49,  2.22s/it]S1/S2 layer:  43%|████▎     | 157/367 [04:07<08:13,  2.35s/it]S1/S2 layer:  43%|████▎     | 158/367 [04:10<08:16,  2.38s/it]S1/S2 layer:  43%|████▎     | 159/367 [04:12<08:23,  2.42s/it]S1/S2 layer:  44%|████▎     | 160/367 [04:15<08:26,  2.45s/it]S1/S2 layer:  44%|████▍     | 161/367 [04:16<07:34,  2.21s/it]S1/S2 layer:  44%|████▍     | 162/367 [04:18<07:22,  2.16s/it]S1/S2 layer:  44%|████▍     | 163/367 [04:20<07:04,  2.08s/it]S1/S2 layer:  45%|████▍     | 164/367 [04:23<07:17,  2.15s/it]S1/S2 layer:  45%|████▍     | 165/367 [04:25<07:13,  2.15s/it]S1/S2 layer:  45%|████▌     | 166/367 [04:27<07:24,  2.21s/it]S1/S2 layer:  46%|████▌     | 167/367 [04:29<06:53,  2.07s/it]S1/S2 layer:  46%|████▌     | 168/367 [04:31<06:49,  2.06s/it]S1/S2 layer:  46%|████▌     | 169/367 [04:33<07:01,  2.13s/it]S1/S2 layer:  46%|████▋     | 170/367 [04:36<07:25,  2.26s/it]S1/S2 layer:  47%|████▋     | 171/367 [04:38<07:44,  2.37s/it]S1/S2 layer:  47%|████▋     | 172/367 [04:41<07:54,  2.43s/it]S1/S2 layer:  47%|████▋     | 173/367 [04:43<07:46,  2.41s/it]S1/S2 layer:  47%|████▋     | 174/367 [04:46<07:53,  2.46s/it]S1/S2 layer:  48%|████▊     | 175/367 [04:48<08:03,  2.52s/it]S1/S2 layer:  48%|████▊     | 176/367 [04:51<07:52,  2.47s/it]S1/S2 layer:  48%|████▊     | 177/367 [04:53<07:58,  2.52s/it]S1/S2 layer:  49%|████▊     | 178/367 [04:56<08:03,  2.56s/it]S1/S2 layer:  49%|████▉     | 179/367 [04:59<07:55,  2.53s/it]S1/S2 layer:  49%|████▉     | 180/367 [05:01<08:04,  2.59s/it]S1/S2 layer:  49%|████▉     | 181/367 [05:03<07:20,  2.37s/it]S1/S2 layer:  50%|████▉     | 182/367 [05:05<07:01,  2.28s/it]S1/S2 layer:  50%|████▉     | 183/367 [05:08<07:11,  2.35s/it]S1/S2 layer:  50%|█████     | 184/367 [05:10<07:10,  2.35s/it]S1/S2 layer:  50%|█████     | 185/367 [05:12<06:51,  2.26s/it]S1/S2 layer:  51%|█████     | 186/367 [05:15<07:13,  2.39s/it]S1/S2 layer:  51%|█████     | 187/367 [05:17<06:35,  2.20s/it]S1/S2 layer:  51%|█████     | 188/367 [05:19<06:37,  2.22s/it]S1/S2 layer:  51%|█████▏    | 189/367 [05:21<06:59,  2.35s/it]S1/S2 layer:  52%|█████▏    | 190/367 [05:24<06:47,  2.30s/it]S1/S2 layer:  52%|█████▏    | 191/367 [05:26<06:47,  2.31s/it]S1/S2 layer:  52%|█████▏    | 192/367 [05:28<06:53,  2.36s/it]S1/S2 layer:  53%|█████▎    | 193/367 [05:31<07:05,  2.45s/it]S1/S2 layer:  53%|█████▎    | 194/367 [05:34<07:01,  2.44s/it]S1/S2 layer:  53%|█████▎    | 195/367 [05:36<07:10,  2.51s/it]S1/S2 layer:  53%|█████▎    | 196/367 [05:39<07:13,  2.53s/it]S1/S2 layer:  54%|█████▎    | 197/367 [05:41<06:53,  2.43s/it]S1/S2 layer:  54%|█████▍    | 198/367 [05:43<06:29,  2.30s/it]S1/S2 layer:  54%|█████▍    | 199/367 [05:45<06:25,  2.30s/it]S1/S2 layer:  54%|█████▍    | 200/367 [05:47<06:04,  2.18s/it]S1/S2 layer:  55%|█████▍    | 201/367 [05:50<06:17,  2.28s/it]S1/S2 layer:  55%|█████▌    | 202/367 [05:52<05:59,  2.18s/it]S1/S2 layer:  55%|█████▌    | 203/367 [05:54<05:47,  2.12s/it]S1/S2 layer:  56%|█████▌    | 204/367 [05:55<05:19,  1.96s/it]S1/S2 layer:  56%|█████▌    | 205/367 [05:58<05:41,  2.11s/it]S1/S2 layer:  56%|█████▌    | 206/367 [06:00<05:52,  2.19s/it]S1/S2 layer:  56%|█████▋    | 207/367 [06:02<05:40,  2.13s/it]S1/S2 layer:  57%|█████▋    | 208/367 [06:05<06:00,  2.26s/it]S1/S2 layer:  57%|█████▋    | 209/367 [06:07<06:04,  2.31s/it]S1/S2 layer:  57%|█████▋    | 210/367 [06:09<05:34,  2.13s/it]S1/S2 layer:  57%|█████▋    | 211/367 [06:11<05:39,  2.18s/it]S1/S2 layer:  58%|█████▊    | 212/367 [06:14<05:58,  2.31s/it]S1/S2 layer:  58%|█████▊    | 213/367 [06:16<06:06,  2.38s/it]S1/S2 layer:  58%|█████▊    | 214/367 [06:18<05:41,  2.23s/it]S1/S2 layer:  59%|█████▊    | 215/367 [06:20<05:39,  2.23s/it]S1/S2 layer:  59%|█████▉    | 216/367 [06:22<05:12,  2.07s/it]S1/S2 layer:  59%|█████▉    | 217/367 [06:24<05:09,  2.06s/it]S1/S2 layer:  59%|█████▉    | 218/367 [06:26<05:07,  2.07s/it]S1/S2 layer:  60%|█████▉    | 219/367 [06:28<05:19,  2.16s/it]S1/S2 layer:  60%|█████▉    | 220/367 [06:31<05:19,  2.18s/it]S1/S2 layer:  60%|██████    | 221/367 [06:32<04:59,  2.05s/it]S1/S2 layer:  60%|██████    | 222/367 [06:35<05:10,  2.14s/it]S1/S2 layer:  61%|██████    | 223/367 [06:37<05:02,  2.10s/it]S1/S2 layer:  61%|██████    | 224/367 [06:39<05:22,  2.25s/it]S1/S2 layer:  61%|██████▏   | 225/367 [06:42<05:35,  2.36s/it]S1/S2 layer:  62%|██████▏   | 226/367 [06:44<05:14,  2.23s/it]S1/S2 layer:  62%|██████▏   | 227/367 [06:46<05:22,  2.31s/it]S1/S2 layer:  62%|██████▏   | 228/367 [06:49<05:25,  2.34s/it]S1/S2 layer:  62%|██████▏   | 229/367 [06:51<05:20,  2.32s/it]S1/S2 layer:  63%|██████▎   | 230/367 [06:53<05:08,  2.25s/it]S1/S2 layer:  63%|██████▎   | 231/367 [06:55<05:06,  2.25s/it]S1/S2 layer:  63%|██████▎   | 232/367 [06:58<05:10,  2.30s/it]S1/S2 layer:  63%|██████▎   | 233/367 [07:00<05:03,  2.26s/it]S1/S2 layer:  64%|██████▍   | 234/367 [07:02<04:59,  2.25s/it]S1/S2 layer:  64%|██████▍   | 235/367 [07:05<04:57,  2.25s/it]S1/S2 layer:  64%|██████▍   | 236/367 [07:06<04:31,  2.07s/it]S1/S2 layer:  65%|██████▍   | 237/367 [07:08<04:10,  1.92s/it]S1/S2 layer:  65%|██████▍   | 238/367 [07:10<04:32,  2.12s/it]S1/S2 layer:  65%|██████▌   | 239/367 [07:12<04:28,  2.10s/it]S1/S2 layer:  65%|██████▌   | 240/367 [07:15<04:32,  2.15s/it]S1/S2 layer:  66%|██████▌   | 241/367 [07:17<04:37,  2.20s/it]S1/S2 layer:  66%|██████▌   | 242/367 [07:19<04:25,  2.12s/it]S1/S2 layer:  66%|██████▌   | 243/367 [07:22<04:41,  2.27s/it]S1/S2 layer:  66%|██████▋   | 244/367 [07:24<04:49,  2.36s/it]S1/S2 layer:  67%|██████▋   | 245/367 [07:26<04:19,  2.13s/it]S1/S2 layer:  67%|██████▋   | 246/367 [07:28<04:20,  2.15s/it]S1/S2 layer:  67%|██████▋   | 247/367 [07:30<04:15,  2.13s/it]S1/S2 layer:  68%|██████▊   | 248/367 [07:32<04:19,  2.18s/it]S1/S2 layer:  68%|██████▊   | 249/367 [07:35<04:27,  2.27s/it]S1/S2 layer:  68%|██████▊   | 250/367 [07:37<04:39,  2.39s/it]S1/S2 layer:  68%|██████▊   | 251/367 [07:40<04:46,  2.47s/it]S1/S2 layer:  69%|██████▊   | 252/367 [07:42<04:33,  2.38s/it]S1/S2 layer:  69%|██████▉   | 253/367 [07:45<04:37,  2.43s/it]S1/S2 layer:  69%|██████▉   | 254/367 [07:47<04:42,  2.50s/it]S1/S2 layer:  69%|██████▉   | 255/367 [07:49<04:19,  2.32s/it]S1/S2 layer:  70%|██████▉   | 256/367 [07:51<03:56,  2.13s/it]S1/S2 layer:  70%|███████   | 257/367 [07:54<04:06,  2.24s/it]S1/S2 layer:  70%|███████   | 258/367 [07:55<03:47,  2.09s/it]S1/S2 layer:  71%|███████   | 259/367 [07:58<03:52,  2.15s/it]S1/S2 layer:  71%|███████   | 260/367 [08:00<03:46,  2.11s/it]S1/S2 layer:  71%|███████   | 261/367 [08:02<03:42,  2.10s/it]S1/S2 layer:  71%|███████▏  | 262/367 [08:04<03:48,  2.17s/it]S1/S2 layer:  72%|███████▏  | 263/367 [08:06<03:34,  2.06s/it]S1/S2 layer:  72%|███████▏  | 264/367 [08:08<03:47,  2.21s/it]S1/S2 layer:  72%|███████▏  | 265/367 [08:10<03:31,  2.07s/it]S1/S2 layer:  72%|███████▏  | 266/367 [08:12<03:27,  2.06s/it]S1/S2 layer:  73%|███████▎  | 267/367 [08:14<03:14,  1.95s/it]S1/S2 layer:  73%|███████▎  | 268/367 [08:16<03:26,  2.09s/it]S1/S2 layer:  73%|███████▎  | 269/367 [08:19<03:38,  2.23s/it]S1/S2 layer:  74%|███████▎  | 270/367 [08:21<03:34,  2.21s/it]S1/S2 layer:  74%|███████▍  | 271/367 [08:23<03:37,  2.26s/it]S1/S2 layer:  74%|███████▍  | 272/367 [08:26<03:39,  2.31s/it]S1/S2 layer:  74%|███████▍  | 273/367 [08:28<03:33,  2.27s/it]S1/S2 layer:  75%|███████▍  | 274/367 [08:30<03:24,  2.20s/it]S1/S2 layer:  75%|███████▍  | 275/367 [08:32<03:13,  2.10s/it]S1/S2 layer:  75%|███████▌  | 276/367 [08:34<03:22,  2.22s/it]S1/S2 layer:  75%|███████▌  | 277/367 [08:37<03:26,  2.29s/it]S1/S2 layer:  76%|███████▌  | 278/367 [08:39<03:33,  2.40s/it]S1/S2 layer:  76%|███████▌  | 279/367 [08:42<03:30,  2.39s/it]S1/S2 layer:  76%|███████▋  | 280/367 [08:45<03:34,  2.47s/it]S1/S2 layer:  77%|███████▋  | 281/367 [08:47<03:35,  2.51s/it]S1/S2 layer:  77%|███████▋  | 282/367 [08:49<03:19,  2.34s/it]S1/S2 layer:  77%|███████▋  | 283/367 [08:52<03:20,  2.39s/it]S1/S2 layer:  77%|███████▋  | 284/367 [08:53<03:06,  2.25s/it]S1/S2 layer:  77%|███████▋  | 284/367 [08:55<02:36,  1.89s/it]
Traceback (most recent call last):
  File "/home/jaeung/activation-patching-unlearning/exp_s1_teacher_forcing.py", line 1135, in main
    results, gk_count, categories, avg_udr, skipped_indices = run_s1_s2_side_by_side(
  File "/home/jaeung/activation-patching-unlearning/exp_s1_teacher_forcing.py", line 951, in run_s1_s2_side_by_side
    log_file.flush()
OSError: [Errno 28] No space left on device

During handling of the above exception, another exception occurred:

OSError: [Errno 28] No space left on device

During handling of the above exception, another exception occurred:

Traceback (most recent call last):
  File "/home/jaeung/activation-patching-unlearning/exp_s1_teacher_forcing.py", line 1205, in <module>
    main()
  File "/home/jaeung/activation-patching-unlearning/exp_s1_teacher_forcing.py", line 1173, in main
    print(summary_msg)
OSError: [Errno 28] No space left on device
